<?xml version="1.0" encoding="UTF-8"?>
<!-- Generated by org.testng.reporters.JUnitXMLReporter -->
<testsuite hostname="DESKTOP-UCAH2MA" ignored="0" name="Default test" tests="3" failures="0" timestamp="18 Nov 2020 14:11:57 GMT" time="30.85" errors="0">
  <testcase name="launchBrowser" time="22.193" classname="org.execution.AmazonMainClass"/>
  <testcase name="tc1" time="8.329" classname="org.execution.AmazonMainClass"/>
  <testcase name="tc2" time="0.259" classname="org.execution.AmazonMainClass"/>
</testsuite> <!-- Default test -->
